
/home/runner/work/exp-heat-conduction-slab-iitb/exp-heat-conduction-slab-iitb/experiment/simulation/common_libraries/js/ts_components/collapse_step.js
   1:10  warning  'show_step' is defined but never used                 no-unused-vars
   2:5   warning  '$' is not defined                                    no-undef
   3:9   warning  '$' is not defined                                    no-undef
   6:10  warning  'hide_step' is defined but never used                 no-unused-vars
   7:5   warning  '$' is not defined                                    no-undef
   8:9   warning  '$' is not defined                                    no-undef
  11:10  warning  'get_collapse_btn_text' is defined but never used     no-unused-vars
  20:10  warning  'get_collapse_btn_element' is defined but never used  no-unused-vars
  29:10  warning  'hide_all_steps' is defined but never used            no-unused-vars
  31:9   warning  '$' is not defined                                    no-undef

/home/runner/work/exp-heat-conduction-slab-iitb/exp-heat-conduction-slab-iitb/experiment/simulation/common_libraries/js/ts_components/matrix.js
   27:26  warning  'MathJax' is not defined                                no-undef
   32:7   warning  'Matrix_Without_String' is defined but never used       no-unused-vars
   52:26  warning  'MathJax' is not defined                                no-undef
   56:10  warning  'get_matrix_html' is defined but never used             no-unused-vars
   87:13  warning  'row_html' is assigned a value but never used           no-unused-vars
   99:10  warning  'get_matrix_html_with_title' is defined but never used  no-unused-vars
  131:13  warning  'row_html' is assigned a value but never used           no-unused-vars
  143:10  warning  'convert_2d_to_1d_vector' is defined but never used     no-unused-vars
  156:10  warning  'convert_1d_to_2d_matrix' is defined but never used     no-unused-vars

/home/runner/work/exp-heat-conduction-slab-iitb/exp-heat-conduction-slab-iitb/experiment/simulation/common_libraries/js/ts_components/pannel.js
  8:7  warning  'Pannel' is defined but never used  no-unused-vars

/home/runner/work/exp-heat-conduction-slab-iitb/exp-heat-conduction-slab-iitb/experiment/simulation/common_libraries/js/ts_components/questions.js
   6:17  warning  'op1' is assigned a value but never used      no-unused-vars
   7:17  warning  'op2' is assigned a value but never used      no-unused-vars
   8:17  warning  'op3' is assigned a value but never used      no-unused-vars
   9:17  warning  'op4' is assigned a value but never used      no-unused-vars
  94:7   warning  'Question_Options' is defined but never used  no-unused-vars

/home/runner/work/exp-heat-conduction-slab-iitb/exp-heat-conduction-slab-iitb/experiment/simulation/common_libraries/js/ts_components/tables.js
   19:22  warning  'verify_values' is not defined                                     no-undef
  137:22  warning  'verify_values' is not defined                                     no-undef
  260:7   warning  'Verify_Rows_Cols_6_decimal_places' is defined but never used      no-unused-vars
  311:22  warning  'verify_values' is not defined                                     no-undef
  416:7   warning  'Verify_Rows_Cols_Custom_Fixed_Update1' is defined but never used  no-unused-vars
  468:7   warning  'Show_Table_Custom_Fixed' is defined but never used                no-unused-vars
  506:7   warning  'Verify_Rows_Cols_Strings' is defined but never used               no-unused-vars
  527:22  warning  'verify_values' is not defined                                     no-undef
  663:7   warning  'Display_Table' is defined but never used                          no-unused-vars

/home/runner/work/exp-heat-conduction-slab-iitb/exp-heat-conduction-slab-iitb/experiment/simulation/common_libraries/js/ts_math_library/general_math_functions.js
    1:10  warning  'verify_values' is defined but never used                   no-unused-vars
   17:10  warning  'random1' is defined but never used                         no-unused-vars
   21:10  warning  'std_deviation' is defined but never used                   no-unused-vars
   26:10  warning  'gauss' is defined but never used                           no-unused-vars
   56:10  warning  'hide_panel' is defined but never used                      no-unused-vars
   63:10  warning  'inverse_matrix' is defined but never used                  no-unused-vars
   96:10  warning  'matrix_multiplication' is defined but never used           no-unused-vars
  113:10  warning  'transpose_matrix' is defined but never used                no-unused-vars
  123:10  warning  'matrix_multiplication_8decimal' is defined but never used  no-unused-vars
  140:10  warning  'adjoint_2x2_matrix' is defined but never used              no-unused-vars
  145:10  warning  'find_deteminant' is defined but never used                 no-unused-vars
  174:10  warning  'get_Submatrix' is defined but never used                   no-unused-vars

/home/runner/work/exp-heat-conduction-slab-iitb/exp-heat-conduction-slab-iitb/experiment/simulation/common_libraries/js/ts_math_library/regression.js
   1:10  warning  'regression_linear' is defined but never used            no-unused-vars
  18:10  warning  'regression_linear_1variable' is defined but never used  no-unused-vars
  27:10  warning  'regression_linear_2variable' is defined but never used  no-unused-vars
  52:11  warning  'gauss' is not defined                                   no-undef

/home/runner/work/exp-heat-conduction-slab-iitb/exp-heat-conduction-slab-iitb/experiment/simulation/common_libraries/math.ob.js
  1:745  warning  'b' is already defined  no-redeclare

/home/runner/work/exp-heat-conduction-slab-iitb/exp-heat-conduction-slab-iitb/experiment/simulation/js/activity1.js
   19:24   warning  'MathJax' is not defined                      no-undef
   22:10   warning  'start_act1' is defined but never used        no-unused-vars
   27:20   warning  'get_collapse_btn_text' is not defined        no-undef
   32:53   warning  'act1_b' is not defined                       no-undef
   32:72   warning  'act1_w' is not defined                       no-undef
   32:131  warning  'act1_qbar' is not defined                    no-undef
   32:204  warning  'act1_t1' is not defined                      no-undef
   32:248  warning  'act1_t2' is not defined                      no-undef
  144:5    warning  'hide_all_steps' is not defined               no-undef
  145:24   warning  'show_step' is not defined                    no-undef
  146:24   warning  'MathJax' is not defined                      no-undef
  150:5    warning  'act1_c1' is not defined                      no-undef
  150:16   warning  'act1_t2' is not defined                      no-undef
  150:28   warning  'act1_qbar_val' is not defined                no-undef
  150:44   warning  'act1_k' is not defined                       no-undef
  150:64   warning  'act1_b_val' is not defined                   no-undef
  150:87   warning  'act1_c2' is not defined                      no-undef
  150:98   warning  'act1_b_val' is not defined                   no-undef
  151:5    warning  'act1_x' is not defined                       no-undef
  151:15   warning  'act1_c1' is not defined                      no-undef
  151:25   warning  'act1_k' is not defined                       no-undef
  151:35   warning  'act1_qbar_val' is not defined                no-undef
  152:5    warning  'act1_tmax' is not defined                    no-undef
  152:20   warning  'act1_qbar_val' is not defined                no-undef
  152:36   warning  'act1_k' is not defined                       no-undef
  152:56   warning  'act1_x' is not defined                       no-undef
  152:75   warning  'act1_c1' is not defined                      no-undef
  152:85   warning  'act1_x' is not defined                       no-undef
  152:94   warning  'act1_c2' is not defined                      no-undef
  153:5    warning  'act1_a' is not defined                       no-undef
  153:14   warning  'act1_w' is not defined                       no-undef
  153:29   warning  'act1_l' is not defined                       no-undef
  154:5    warning  'act1_QL' is not defined                      no-undef
  154:17   warning  'act1_k' is not defined                       no-undef
  154:26   warning  'act1_a' is not defined                       no-undef
  154:35   warning  'act1_c1' is not defined                      no-undef
  155:5    warning  'act1_QR' is not defined                      no-undef
  155:17   warning  'act1_k' is not defined                       no-undef
  155:26   warning  'act1_a' is not defined                       no-undef
  155:39   warning  'act1_qbar_val' is not defined                no-undef
  155:55   warning  'act1_k' is not defined                       no-undef
  155:64   warning  'act1_b' is not defined                       no-undef
  155:74   warning  'act1_c1' is not defined                      no-undef
  156:5    warning  'act1_Q' is not defined                       no-undef
  156:14   warning  'act1_qbar_val' is not defined                no-undef
  156:30   warning  'act1_l' is not defined                       no-undef
  156:39   warning  'act1_b_val' is not defined                   no-undef
  156:52   warning  'act1_w' is not defined                       no-undef
  157:5    warning  'act1_Qsum' is not defined                    no-undef
  157:17   warning  'act1_QL' is not defined                      no-undef
  157:27   warning  'act1_QR' is not defined                      no-undef
  158:30   warning  'act1_c1' is not defined                      no-undef
  159:29   warning  'act1_x' is not defined                       no-undef
  160:32   warning  'act1_tmax' is not defined                    no-undef
  161:29   warning  'act1_a' is not defined                       no-undef
  162:30   warning  'act1_QL' is not defined                      no-undef
  163:30   warning  'act1_QR' is not defined                      no-undef
  164:29   warning  'act1_Q' is not defined                       no-undef
  165:33   warning  'act1_Qsum' is not defined                    no-undef
  194:10   warning  'verify_act1_c2' is defined but never used    no-unused-vars
  199:10   warning  'verify_values' is not defined                no-undef
  199:82   warning  'act1_c2' is not defined                      no-undef
  205:25   warning  'act1_c2' is not defined                      no-undef
  208:10   warning  'verify_act1_c1' is defined but never used    no-unused-vars
  213:10   warning  'verify_values' is not defined                no-undef
  213:82   warning  'act1_c1' is not defined                      no-undef
  219:25   warning  'act1_c1' is not defined                      no-undef
  222:10   warning  'verify_act1_x' is defined but never used     no-unused-vars
  227:10   warning  'verify_values' is not defined                no-undef
  227:82   warning  'act1_x' is not defined                       no-undef
  233:25   warning  'act1_x' is not defined                       no-undef
  236:10   warning  'verify_act1_tmax' is defined but never used  no-unused-vars
  241:10   warning  'verify_values' is not defined                no-undef
  241:82   warning  'act1_tmax' is not defined                    no-undef
  247:25   warning  'act1_tmax' is not defined                    no-undef
  250:10   warning  'verify_act1_ql' is defined but never used    no-unused-vars
  255:10   warning  'verify_values' is not defined                no-undef
  255:82   warning  'act1_QL' is not defined                      no-undef
  261:25   warning  'act1_QL' is not defined                      no-undef
  264:10   warning  'verify_act1_qr' is defined but never used    no-unused-vars
  268:10   warning  'verify_values' is not defined                no-undef
  268:82   warning  'act1_QR' is not defined                      no-undef
  274:25   warning  'act1_QR' is not defined                      no-undef
  275:5    warning  'activity2' is not defined                    no-undef

/home/runner/work/exp-heat-conduction-slab-iitb/exp-heat-conduction-slab-iitb/experiment/simulation/js/activity2.js
    1:10   warning  'activity2' is defined but never used         no-unused-vars
   16:5    warning  'maindiv' is not defined                      no-undef
   17:24   warning  'MathJax' is not defined                      no-undef
   19:10   warning  'start_act2' is defined but never used        no-unused-vars
   24:20   warning  'get_collapse_btn_text' is not defined        no-undef
   29:41   warning  'act2_b' is not defined                       no-undef
   29:229  warning  'act2_t' is not defined                       no-undef
   68:40   warning  'act2_t' is not defined                       no-undef
  100:5    warning  'maindiv' is not defined                      no-undef
  102:24   warning  'show_step' is not defined                    no-undef
  103:24   warning  'MathJax' is not defined                      no-undef
  106:5    warning  'act2_c2' is not defined                      no-undef
  106:15   warning  'act2_t' is not defined                       no-undef
  106:25   warning  'act2_qbar_val' is not defined                no-undef
  106:41   warning  'act2_k' is not defined                       no-undef
  106:61   warning  'act2_b_val' is not defined                   no-undef
  107:25   warning  'act2_c2' is not defined                      no-undef
  108:5    warning  'act2_tmax' is not defined                    no-undef
  108:17   warning  'act2_c2' is not defined                      no-undef
  109:32   warning  'act2_tmax' is not defined                    no-undef
  111:10   warning  'verify_act2_c1' is defined but never used    no-unused-vars
  116:10   warning  'verify_values' is not defined                no-undef
  116:82   warning  'act2_c1' is not defined                      no-undef
  122:25   warning  'act2_c1' is not defined                      no-undef
  125:10   warning  'verify_act2_c2' is defined but never used    no-unused-vars
  130:10   warning  'verify_values' is not defined                no-undef
  130:82   warning  'act2_c2' is not defined                      no-undef
  136:25   warning  'act2_c2' is not defined                      no-undef
  139:10   warning  'verify_act2_tmax' is defined but never used  no-unused-vars
  143:10   warning  'verify_values' is not defined                no-undef
  143:82   warning  'act2_tmax' is not defined                    no-undef
  149:25   warning  'act2_tmax' is not defined                    no-undef
  150:5    warning  'activity3' is not defined                    no-undef

/home/runner/work/exp-heat-conduction-slab-iitb/exp-heat-conduction-slab-iitb/experiment/simulation/js/activity3.js
    1:10   warning  'activity3' is defined but never used         no-unused-vars
   16:5    warning  'maindiv' is not defined                      no-undef
   17:24   warning  'MathJax' is not defined                      no-undef
   19:10   warning  'start_act3' is defined but never used        no-unused-vars
   24:20   warning  'get_collapse_btn_text' is not defined        no-undef
   29:211  warning  'act3_b1' is not defined                      no-undef
   29:292  warning  'act3_b2' is not defined                      no-undef
   29:371  warning  'act3_t' is not defined                       no-undef
  117:5    warning  'maindiv' is not defined                      no-undef
  119:24   warning  'show_step' is not defined                    no-undef
  120:24   warning  'MathJax' is not defined                      no-undef
  123:5    warning  'act3_Q' is not defined                       no-undef
  123:14   warning  'act3_qbar_val' is not defined                no-undef
  123:30   warning  'act3_cross_sec_area' is not defined          no-undef
  123:52   warning  'act3_b1_val' is not defined                  no-undef
  124:5    warning  'act3_t2' is not defined                      no-undef
  124:15   warning  'act3_Q' is not defined                       no-undef
  124:26   warning  'act3_b2_val' is not defined                  no-undef
  124:40   warning  'act3_kb' is not defined                      no-undef
  124:50   warning  'act3_cross_sec_area' is not defined          no-undef
  124:78   warning  'act3_h' is not defined                       no-undef
  124:87   warning  'act3_cross_sec_area' is not defined          no-undef
  124:111  warning  'act3_t' is not defined                       no-undef
  125:5    warning  'act3_c2' is not defined                      no-undef
  125:15   warning  'act3_t2' is not defined                      no-undef
  125:26   warning  'act3_qbar_val' is not defined                no-undef
  125:42   warning  'act3_ka' is not defined                      no-undef
  125:63   warning  'act3_b1_val' is not defined                  no-undef
  126:5    warning  'act3_tmax' is not defined                    no-undef
  126:17   warning  'act3_c2' is not defined                      no-undef
  127:5    warning  'act3_t3' is not defined                      no-undef
  127:16   warning  'act3_Q' is not defined                       no-undef
  127:25   warning  'act3_h' is not defined                       no-undef
  127:34   warning  'act3_cross_sec_area' is not defined          no-undef
  127:57   warning  'act3_t' is not defined                       no-undef
  128:29   warning  'act3_Q' is not defined                       no-undef
  129:30   warning  'act3_t2' is not defined                      no-undef
  130:30   warning  'act3_c1' is not defined                      no-undef
  131:32   warning  'act3_tmax' is not defined                    no-undef
  132:30   warning  'act3_t3' is not defined                      no-undef
  134:10   warning  'verify_act3_t2' is defined but never used    no-unused-vars
  139:10   warning  'verify_values' is not defined                no-undef
  139:83   warning  'act3_t2' is not defined                      no-undef
  145:26   warning  'act3_t2' is not defined                      no-undef
  148:10   warning  'verify_act3_c1' is defined but never used    no-unused-vars
  153:10   warning  'verify_values' is not defined                no-undef
  153:83   warning  'act3_c1' is not defined                      no-undef
  159:26   warning  'act3_c1' is not defined                      no-undef
  162:10   warning  'verify_act3_tmax' is defined but never used  no-unused-vars
  167:10   warning  'verify_values' is not defined                no-undef
  167:83   warning  'act3_tmax' is not defined                    no-undef
  173:26   warning  'act3_tmax' is not defined                    no-undef
  176:10   warning  'verify_act3_t3' is defined but never used    no-unused-vars
  180:10   warning  'verify_values' is not defined                no-undef
  180:83   warning  'act3_t3' is not defined                      no-undef
  186:26   warning  'act3_t3' is not defined                      no-undef

/home/runner/work/exp-heat-conduction-slab-iitb/exp-heat-conduction-slab-iitb/experiment/simulation/js/data.js
   2:5  warning  'act1_k' is assigned a value but never used               no-unused-vars
   4:5  warning  'act1_b_val' is assigned a value but never used           no-unused-vars
   5:5  warning  'act1_w' is assigned a value but never used               no-unused-vars
   6:5  warning  'act1_l' is assigned a value but never used               no-unused-vars
   8:5  warning  'act1_qbar_val' is assigned a value but never used        no-unused-vars
  10:5  warning  'act1_t2' is assigned a value but never used              no-unused-vars
  11:5  warning  'act1_c2' is assigned a value but never used              no-unused-vars
  12:5  warning  'act1_c1' is assigned a value but never used              no-unused-vars
  13:5  warning  'act1_x' is assigned a value but never used               no-unused-vars
  14:5  warning  'act1_tmax' is assigned a value but never used            no-unused-vars
  15:5  warning  'act1_a' is assigned a value but never used               no-unused-vars
  16:5  warning  'act1_QL' is assigned a value but never used              no-unused-vars
  17:5  warning  'act1_QR' is assigned a value but never used              no-unused-vars
  18:5  warning  'act1_Q' is assigned a value but never used               no-unused-vars
  19:5  warning  'act1_Qsum' is assigned a value but never used            no-unused-vars
  21:5  warning  'act2_k' is assigned a value but never used               no-unused-vars
  23:5  warning  'act2_b_val' is assigned a value but never used           no-unused-vars
  24:5  warning  'act2_t' is assigned a value but never used               no-unused-vars
  25:5  warning  'act2_c1' is assigned a value but never used              no-unused-vars
  26:5  warning  'act2_c2' is assigned a value but never used              no-unused-vars
  28:5  warning  'act2_qbar_val' is assigned a value but never used        no-unused-vars
  29:5  warning  'act2_tmax' is assigned a value but never used            no-unused-vars
  32:5  warning  'act3_qbar_val' is assigned a value but never used        no-unused-vars
  34:5  warning  'act3_b1_val' is assigned a value but never used          no-unused-vars
  35:5  warning  'act3_ka' is assigned a value but never used              no-unused-vars
  36:5  warning  'act3_kb' is assigned a value but never used              no-unused-vars
  38:5  warning  'act3_b2_val' is assigned a value but never used          no-unused-vars
  39:5  warning  'act3_t' is assigned a value but never used               no-unused-vars
  40:5  warning  'act3_h' is assigned a value but never used               no-unused-vars
  41:5  warning  'act3_cross_sec_area' is assigned a value but never used  no-unused-vars
  42:5  warning  'act3_Q' is assigned a value but never used               no-unused-vars
  43:5  warning  'act3_t2' is assigned a value but never used              no-unused-vars
  44:5  warning  'act3_c1' is assigned a value but never used              no-unused-vars
  45:5  warning  'act3_c2' is assigned a value but never used              no-unused-vars
  46:5  warning  'act3_tmax' is assigned a value but never used            no-unused-vars
  47:5  warning  'act3_t3' is assigned a value but never used              no-unused-vars

✖ 260 problems (0 errors, 260 warnings)

